[2026-02-22T23:34:27.087Z] [INFO] LIVE_LOG_PATH=C:\Users\NyGsoft\Desktop\bot ordenes m\login_medico_live_smoke.log
[2026-02-22T23:34:27.093Z] [INFO] FLOW_RETRY_CONFIG RESTART_FROM_LOGIN_ON_BUG=1 FULL_FLOW_RETRIES=1
[2026-02-22T23:34:27.701Z] [INFO] PERF_CONFIG TIMEOUT_SCALE=0.85 MIN_WAIT_MS=60 SLOW_MO_MS=130
[2026-02-22T23:34:27.701Z] [INFO] FLOW_GUARDS STRICT_NUEVA_CITA_MODAL=1 CLICK_SEARCH_AFTER_KEY=0 ENABLE_ENTER_FALLBACK=0 ALLOW_SAVE_ON_UNCONFIRMED_KEY=0 CATALOG_LOOP_MAX=2 MAX_KEY_ATTEMPTS=1 PRIORITIZE_RECENT_KEYS=0 KEY_SELECTION_MODE=random KEY_RANDOM_SEED=- REQUIRE_SAVE_ALERT=1 KEY_SETTLE_MS=900 KEY_RESOLUTION_TIMEOUT_MS=4200 COMMENT_CLICK_RETRIES=3 REVIEW_HOLD_MS=1800000 ERROR_REVIEW_HOLD_MS=1800000 KEY_EXHAUST_REVIEW_HOLD_MS=10000
[2026-02-22T23:34:27.702Z] [INFO] FLOW_MODULE_LOAD MODULE_LOAD_POLL_TIMEOUT_MS=45000 MODULE_LOAD_POLL_INTERVAL_MS=350 REVIEW_HOLD_MS=1800000 AUTO_OPEN_NOTA_MEDICA_AFTER_MODULE=1 RELOAD_BEFORE_NOTA_MEDICA=1 RELOAD_BEFORE_NOTA_MEDICA_TIMEOUT_MS=20000 RELOAD_BEFORE_NOTA_MEDICA_POLL_MS=320 NOTA_MEDICA_DELAY_MS=2000 NOTA_MEDICA_CLICK_TIMEOUT_MS=12000 AUTO_FILL_NOTA_MEDICA_FIELDS=1 AUTO_CLICK_GENERAR_IA_NOTA_MEDICA=1 NOTA_MEDICA_FIELDS_FILL_TIMEOUT_MS=18000 NOTA_MEDICA_FIELDS_FILL_RETRY_MS=320 AUTO_GENERAR_RECETA_AFTER_IA=1 RECETA_AFTER_IA_WAIT_MS=3500 RECETA_CLICK_TIMEOUT_MS=12000
[2026-02-22T23:34:27.702Z] [INFO] FLOW_POST_SAVE AUTO_OPEN_MODULE_AFTER_SAVE=0 POST_SAVE_REQUIRE_ASSIGNED_MODAL=1 POST_SAVE_ALLOW_GENERIC_MODULO_FALLBACK=0 POST_SAVE_MAX_RETRIES=4 POST_SAVE_RETRY_INTERVAL_MS=90 POST_SAVE_MODAL_CLICK_LOOP_MAX=3 POST_SAVE_MODAL_CLICK_LOOP_RETRY_MS=70
[2026-02-22T23:34:27.703Z] [INFO] PATIENT_KEYS_SOURCE=file:C:\Users\NyGsoft\Desktop\bot ordenes m\patient_keys.txt count=251
[2026-02-22T23:34:27.703Z] [INFO] APPOINTMENT_MEMORY enabled=1 file="C:\Users\NyGsoft\Desktop\bot ordenes m\appointment_memory_tmp.json" count=56 ttl_h=72
[2026-02-22T23:34:27.704Z] [INFO] KEY_HEALTH enabled=1 file="C:\Users\NyGsoft\Desktop\bot ordenes m\patient_key_health_tmp.json" count=263 ttl_h=168 hard_block=2
[2026-02-22T23:34:27.705Z] [INFO] FLOW_ATTEMPT 1/1
[2026-02-22T23:34:27.705Z] [INFO] Paso 1: abrir pagina inicial
[2026-02-22T23:34:33.686Z] [INFO] Paso 2: escribir usuario y contrasena
[2026-02-22T23:34:34.565Z] [INFO] Paso 3-4: seleccionar Empresa y Departamento (con verificacion fuerte)
[2026-02-22T23:34:35.560Z] [INFO] Intento select-empresa 1: value=PSV "MEDICAL PRACTICE"
[2026-02-22T23:34:35.563Z] [INFO] Departamento ready after empresa: 1
[2026-02-22T23:34:37.267Z] [INFO] Intento select-departamento 1: value=CEX "PRÁCTICA MÉDICA"
[2026-02-22T23:34:37.705Z] [INFO] Empresa final => value:PSV text:MEDICAL PRACTICE
[2026-02-22T23:34:37.706Z] [INFO] Departamento final => value:CEX text:PRÁCTICA MÉDICA
[2026-02-22T23:34:37.709Z] [INFO] Boton login disabled: false
[2026-02-22T23:34:37.710Z] [INFO] Paso 5: iniciar sesion
[2026-02-22T23:34:40.410Z] [INFO] LOGIN_OK
[2026-02-22T23:34:40.411Z] [INFO] Paso 6: seleccionar Práctica médica y asegurar calendario
[2026-02-22T23:34:43.068Z] [INFO] Paso 6 action practica_card ok=true
[2026-02-22T23:34:43.270Z] [INFO] Paso 6 action agenda_option ok=true
[2026-02-22T23:34:51.396Z] [INFO] Paso 6 action practica_card ok=false
[2026-02-22T23:34:51.639Z] [INFO] Paso 6 action agenda_option ok=true
[2026-02-22T23:34:51.692Z] [INFO] Paso 6 calendar listo (8727ms)
[2026-02-22T23:34:51.692Z] [INFO] Paso 7: crear cita (casilla libre + clave paciente + guardar)
[2026-02-22T23:34:53.362Z] [INFO] AGENDA_FILTER_OK
[2026-02-22T23:34:56.444Z] [INFO] WEEK_RANGE week=0 start=2026-02-22 end=2026-02-28 label="2/22/2026 - 2/28/2026Domingo, Febrero 22, 2026 - Sábado, Febrero 28, 2026"
[2026-02-22T23:34:56.468Z] [INFO] WEEK_CHECK week=0 blocked=false noDisp=0 days=3 kEvents=55
[2026-02-22T23:34:56.507Z] [INFO] FAST_CANDIDATES total=162 startCol=0 selector=".k-scheduler-content table tbody td:not(:first-child)"
[2026-02-22T23:34:59.239Z] [INFO] FAST_SLOT_OK idx=133 day=2026-02-24 col=2 min=660 step=1/162
[2026-02-22T23:34:59.264Z] [INFO] KEY_ATTEMPTS plan=1 limit=1 prioritize_recent=0 mode=random seed=-
[2026-02-22T23:34:59.265Z] [INFO] KEY_HEALTH_PLAN enabled=1 file="C:\Users\NyGsoft\Desktop\bot ordenes m\patient_key_health_tmp.json" ttl_h=168 hard_block=2 blocked_in_plan=0 records=263
[2026-02-22T23:34:59.374Z] [INFO] CATALOG_AUTOCLOSE_GUARD=ON
[2026-02-22T23:34:59.392Z] [INFO] INTENTANDO_CLAVE_PACIENTE "59322"
[2026-02-22T23:35:01.539Z] [INFO] CLAVE_SET_OK "59322" inputId="ctl00_nc002_MP_HOS930_MP_HOS930_panelExpExistente_MP_HOS930_altaclavedoc" current="59322" search=false
[2026-02-22T23:35:10.002Z] [INFO] GUARDAR_SINGLE_CLICK_NO_RESULT path=role-page reason=modal_still_open
[2026-02-22T23:35:17.295Z] [INFO] GUARDAR_FALLO_CON_CLAVE "59322", modal recuperado, intentando siguiente clave
[2026-02-22T23:35:17.296Z] [ERROR] LOGIN_ERROR: No se pudo guardar la cita con ninguna clave dentro del límite (1).
[2026-02-22T23:35:17.820Z] [INFO] Error capturado.
[2026-02-22T23:35:17.821Z] [INFO] Navegador abierto 10s para sin claves válidas (espera extendida).
