[2026-02-23T11:10:47.200Z] [INFO] LIVE_LOG_PATH=C:\Users\NyGsoft\Desktop\bot ordenes m\login_medico_live.log
[2026-02-23T11:10:47.203Z] [INFO] BOT_MAIN_MODE_SELECTED=1 (generar_ordenes)
[2026-02-23T11:10:47.204Z] [INFO] FLOW_RETRY_CONFIG RESTART_FROM_LOGIN_ON_BUG=1 FULL_FLOW_RETRIES=1 BOT_MAIN_MODE=1
[2026-02-23T11:10:47.944Z] [INFO] PERF_CONFIG TIMEOUT_SCALE=0.86 MIN_WAIT_MS=60 SLOW_MO_MS=95
[2026-02-23T11:10:47.945Z] [INFO] FLOW_GUARDS STRICT_NUEVA_CITA_MODAL=1 CLICK_SEARCH_AFTER_KEY=0 ENABLE_ENTER_FALLBACK=0 ALLOW_SAVE_ON_UNCONFIRMED_KEY=0 CATALOG_LOOP_MAX=2 MAX_KEY_ATTEMPTS=251 PRIORITIZE_RECENT_KEYS=0 KEY_SELECTION_MODE=random KEY_RANDOM_SEED=- REQUIRE_SAVE_ALERT=1 KEY_SETTLE_MS=900 KEY_RESOLUTION_TIMEOUT_MS=4200 COMMENT_CLICK_RETRIES=3 REVIEW_HOLD_MS=1800000 ERROR_REVIEW_HOLD_MS=1800000 KEY_EXHAUST_REVIEW_HOLD_MS=0
[2026-02-23T11:10:47.946Z] [INFO] FLOW_MODULE_LOAD MODULE_LOAD_POLL_TIMEOUT_MS=45000 MODULE_LOAD_POLL_INTERVAL_MS=350 REVIEW_HOLD_MS=1800000 AUTO_OPEN_NOTA_MEDICA_AFTER_MODULE=1 RELOAD_BEFORE_NOTA_MEDICA=1 RELOAD_BEFORE_NOTA_MEDICA_TIMEOUT_MS=20000 RELOAD_BEFORE_NOTA_MEDICA_POLL_MS=320 NOTA_MEDICA_DELAY_MS=2000 NOTA_MEDICA_CLICK_TIMEOUT_MS=12000 AUTO_FILL_NOTA_MEDICA_FIELDS=1 AUTO_CLICK_GENERAR_IA_NOTA_MEDICA=1 NOTA_MEDICA_FIELDS_FILL_TIMEOUT_MS=18000 NOTA_MEDICA_FIELDS_FILL_RETRY_MS=320 AUTO_GENERAR_PLAN_TRATAMIENTO=1 PLAN_TRATAMIENTO_GENERAR_TIMEOUT_MS=12000 AUTO_GENERAR_RECETA_AFTER_IA=1 RECETA_AFTER_IA_WAIT_MS=3500 RECETA_CLICK_TIMEOUT_MS=12000
[2026-02-23T11:10:47.946Z] [INFO] FLOW_POST_SAVE AUTO_OPEN_MODULE_AFTER_SAVE=1 POST_SAVE_REQUIRE_ASSIGNED_MODAL=1 POST_SAVE_ALLOW_GENERIC_MODULO_FALLBACK=0 POST_SAVE_MAX_RETRIES=4 POST_SAVE_RETRY_INTERVAL_MS=90 POST_SAVE_MODAL_CLICK_LOOP_MAX=3 POST_SAVE_MODAL_CLICK_LOOP_RETRY_MS=70
[2026-02-23T11:10:47.947Z] [INFO] FLOW_MAIN_MODE mode=1 label=generar_ordenes cancel_max=1 cancel_weeks=2 mode2_auto_filter=0 mode2_max_weeks=1 mode2_min_day_offset=1 mode2_skip_sundays=1 mode2_max_slot_candidates=16 mode2_per_day_cap=4
[2026-02-23T11:10:47.948Z] [INFO] PATIENT_KEYS_SOURCE=file:C:\Users\NyGsoft\Desktop\bot ordenes m\patient_keys.txt count=251
[2026-02-23T11:10:47.948Z] [INFO] APPOINTMENT_MEMORY enabled=1 file="C:\Users\NyGsoft\Desktop\bot ordenes m\appointment_memory_tmp.json" count=56 ttl_h=72
[2026-02-23T11:10:47.949Z] [INFO] KEY_HEALTH enabled=1 file="C:\Users\NyGsoft\Desktop\bot ordenes m\patient_key_health_tmp.json" count=304 ttl_h=168 hard_block=2
[2026-02-23T11:10:47.949Z] [INFO] FLOW_ATTEMPT 1/1
[2026-02-23T11:10:47.950Z] [INFO] Paso 1: abrir pagina inicial
[2026-02-23T11:10:52.075Z] [INFO] Paso 2: escribir usuario y contrasena
[2026-02-23T11:10:52.863Z] [INFO] Paso 3-4: seleccionar Empresa y Departamento (con verificacion fuerte)
[2026-02-23T11:10:53.616Z] [INFO] Intento select-empresa 1: value=(vacio) ""
[2026-02-23T11:10:53.627Z] [INFO] Departamento ready after empresa: 1
[2026-02-23T11:10:55.180Z] [INFO] Intento select-departamento 1: value=CEX "PRÁCTICA MÉDICA"
[2026-02-23T11:10:55.619Z] [INFO] Empresa final => value:PSV text:MEDICAL PRACTICE
[2026-02-23T11:10:55.620Z] [INFO] Departamento final => value:CEX text:PRÁCTICA MÉDICA
[2026-02-23T11:10:55.622Z] [INFO] Boton login disabled: false
[2026-02-23T11:10:55.622Z] [INFO] Paso 5: iniciar sesion
[2026-02-23T11:10:57.912Z] [INFO] LOGIN_OK
[2026-02-23T11:10:57.913Z] [INFO] Paso 6: seleccionar Práctica médica y asegurar calendario
[2026-02-23T11:11:00.602Z] [INFO] Paso 6 action practica_card ok=true
[2026-02-23T11:11:00.813Z] [INFO] Paso 6 action agenda_option ok=true
[2026-02-23T11:11:08.992Z] [INFO] Paso 6 action practica_card ok=false
[2026-02-23T11:11:09.209Z] [INFO] Paso 6 action agenda_option ok=true
[2026-02-23T11:11:09.279Z] [INFO] Paso 6 calendar listo (8781ms)
[2026-02-23T11:11:09.961Z] [INFO] AGENDA_FILTER_OK
[2026-02-23T11:11:11.769Z] [INFO] CALENDAR_CURRENT_WEEK_OK start=2026-02-22 end=2026-02-28 step=0
[2026-02-23T11:11:11.769Z] [INFO] Paso 7: crear cita (casilla libre + clave paciente + guardar)
[2026-02-23T11:11:12.507Z] [INFO] AGENDA_FILTER_OK
[2026-02-23T11:11:14.323Z] [INFO] CALENDAR_CURRENT_WEEK_OK start=2026-02-22 end=2026-02-28 step=0
[2026-02-23T11:11:15.013Z] [INFO] AGENDA_FILTER_OK
[2026-02-23T11:11:18.119Z] [INFO] WEEK_RANGE week=0 start=2026-02-22 end=2026-02-28 label="2/22/2026 - 2/28/2026Domingo, Febrero 22, 2026 - Sábado, Febrero 28, 2026"
[2026-02-23T11:11:18.144Z] [INFO] WEEK_CHECK week=0 blocked=false noDisp=0 days=3 kEvents=55
[2026-02-23T11:11:18.184Z] [INFO] FAST_CANDIDATES total=162 startCol=1 selector=".k-scheduler-content table tbody td:not(:first-child)"
[2026-02-23T11:11:20.377Z] [INFO] FAST_SLOT_SKIP idx=133 day=2026-02-24 col=2 min=660
[2026-02-23T11:11:22.543Z] [INFO] FAST_SLOT_SKIP idx=139 day=2026-02-24 col=2 min=690
[2026-02-23T11:11:24.738Z] [INFO] FAST_SLOT_SKIP idx=145 day=2026-02-24 col=2 min=720
[2026-02-23T11:11:26.899Z] [INFO] FAST_SLOT_SKIP idx=151 day=2026-02-24 col=2 min=750
[2026-02-23T11:11:30.507Z] [INFO] FAST_SLOT_OK idx=157 day=2026-02-24 col=2 min=780 step=5/162
[2026-02-23T11:11:30.537Z] [INFO] KEY_ATTEMPTS plan=251 limit=251 prioritize_recent=0 mode=random seed=-
[2026-02-23T11:11:30.540Z] [INFO] KEY_HEALTH_PLAN enabled=1 file="C:\Users\NyGsoft\Desktop\bot ordenes m\patient_key_health_tmp.json" ttl_h=168 hard_block=2 blocked_in_plan=0 records=304
[2026-02-23T11:11:30.677Z] [INFO] CATALOG_AUTOCLOSE_GUARD=ON
[2026-02-23T11:11:30.704Z] [INFO] INTENTANDO_CLAVE_PACIENTE "01256263-6"
[2026-02-23T11:11:32.851Z] [INFO] CLAVE_SET_OK "01256263-6" inputId="ctl00_nc002_MP_HOS930_MP_HOS930_panelExpExistente_MP_HOS930_altaclavedoc" current="01256263-6" search=false
[2026-02-23T11:11:41.406Z] [INFO] GUARDAR_SINGLE_CLICK_NO_RESULT path=role-page reason=modal_still_open
[2026-02-23T11:11:48.760Z] [INFO] GUARDAR_FALLO_CON_CLAVE "01256263-6", modal recuperado, intentando siguiente clave
[2026-02-23T11:11:48.852Z] [INFO] INTENTANDO_CLAVE_PACIENTE "05870410-3"
[2026-02-23T11:11:50.946Z] [INFO] CLAVE_SET_OK "05870410-3" inputId="ctl00_nc002_MP_HOS930_MP_HOS930_panelExpExistente_MP_HOS930_altaclavedoc" current="05870410-3" search=false
[2026-02-23T11:12:00.051Z] [INFO] GUARDAR_SINGLE_CLICK_NO_RESULT path=role-page reason=modal_still_open
[2026-02-23T11:12:07.618Z] [INFO] GUARDAR_FALLO_CON_CLAVE "05870410-3", modal recuperado, intentando siguiente clave
[2026-02-23T11:12:07.713Z] [INFO] CATALOG_AUTOCLOSE_GUARD=ON
[2026-02-23T11:12:07.726Z] [INFO] INTENTANDO_CLAVE_PACIENTE "04149378-3"
[2026-02-23T11:12:09.983Z] [INFO] CLAVE_SET_OK "04149378-3" inputId="ctl00_nc002_MP_HOS930_MP_HOS930_panelExpExistente_MP_HOS930_altaclavedoc" current="04149378-3" search=false
[2026-02-23T11:12:19.293Z] [INFO] GUARDAR_SINGLE_CLICK_NO_RESULT path=role-page reason=modal_still_open
[2026-02-23T11:12:26.715Z] [INFO] GUARDAR_FALLO_CON_CLAVE "04149378-3", modal recuperado, intentando siguiente clave
[2026-02-23T11:12:26.820Z] [INFO] INTENTANDO_CLAVE_PACIENTE "46430"
[2026-02-23T11:12:28.983Z] [INFO] CLAVE_SET_OK "46430" inputId="ctl00_nc002_MP_HOS930_MP_HOS930_panelExpExistente_MP_HOS930_altaclavedoc" current="46430" search=false
[2026-02-23T11:12:38.087Z] [INFO] GUARDAR_SINGLE_CLICK_NO_RESULT path=role-page reason=modal_still_open
[2026-02-23T11:12:45.655Z] [INFO] GUARDAR_FALLO_CON_CLAVE "46430", modal recuperado, intentando siguiente clave
[2026-02-23T11:12:45.726Z] [INFO] CATALOG_AUTOCLOSE_GUARD=ON
[2026-02-23T11:12:45.736Z] [INFO] INTENTANDO_CLAVE_PACIENTE "05190491-4"
[2026-02-23T11:12:47.943Z] [INFO] CLAVE_SET_OK "05190491-4" inputId="ctl00_nc002_MP_HOS930_MP_HOS930_panelExpExistente_MP_HOS930_altaclavedoc" current="05190491-4" search=false
[2026-02-23T11:12:56.949Z] [INFO] GUARDAR_SINGLE_CLICK_NO_RESULT path=role-page reason=modal_still_open
[2026-02-23T11:13:04.560Z] [INFO] GUARDAR_FALLO_CON_CLAVE "05190491-4", modal recuperado, intentando siguiente clave
[2026-02-23T11:13:04.639Z] [INFO] INTENTANDO_CLAVE_PACIENTE "01214429-2"
[2026-02-23T11:13:06.793Z] [INFO] CLAVE_SET_OK "01214429-2" inputId="ctl00_nc002_MP_HOS930_MP_HOS930_panelExpExistente_MP_HOS930_altaclavedoc" current="01214429-2" search=false
[2026-02-23T11:13:15.578Z] [INFO] GUARDAR_SINGLE_CLICK_NO_RESULT path=role-page reason=modal_still_open
[2026-02-23T11:13:23.176Z] [INFO] GUARDAR_FALLO_CON_CLAVE "01214429-2", modal recuperado, intentando siguiente clave
[2026-02-23T11:13:23.293Z] [INFO] CATALOG_AUTOCLOSE_GUARD=ON
[2026-02-23T11:13:23.306Z] [INFO] INTENTANDO_CLAVE_PACIENTE "01882576-5"
[2026-02-23T11:13:25.372Z] [INFO] CLAVE_SET_OK "01882576-5" inputId="ctl00_nc002_MP_HOS930_MP_HOS930_panelExpExistente_MP_HOS930_altaclavedoc" current="01882576-5" search=false
[2026-02-23T11:13:33.651Z] [INFO] GUARDAR_SINGLE_CLICK_NO_RESULT path=role-page reason=modal_still_open
[2026-02-23T11:13:41.196Z] [INFO] GUARDAR_FALLO_CON_CLAVE "01882576-5", modal recuperado, intentando siguiente clave
[2026-02-23T11:13:41.262Z] [INFO] INTENTANDO_CLAVE_PACIENTE "06381981-6"
[2026-02-23T11:13:43.427Z] [INFO] CLAVE_SET_OK "06381981-6" inputId="ctl00_nc002_MP_HOS930_MP_HOS930_panelExpExistente_MP_HOS930_altaclavedoc" current="06381981-6" search=false
[2026-02-23T11:13:51.673Z] [INFO] GUARDAR_SINGLE_CLICK_NO_RESULT path=role-page reason=modal_still_open
[2026-02-23T11:13:59.181Z] [INFO] GUARDAR_FALLO_CON_CLAVE "06381981-6", modal recuperado, intentando siguiente clave
[2026-02-23T11:13:59.239Z] [INFO] CATALOG_AUTOCLOSE_GUARD=ON
[2026-02-23T11:13:59.246Z] [INFO] INTENTANDO_CLAVE_PACIENTE "05012971-5"
[2026-02-23T11:14:01.408Z] [INFO] CLAVE_SET_OK "05012971-5" inputId="ctl00_nc002_MP_HOS930_MP_HOS930_panelExpExistente_MP_HOS930_altaclavedoc" current="05012971-5" search=false
[2026-02-23T11:14:09.980Z] [INFO] GUARDAR_SINGLE_CLICK_NO_RESULT path=role-page reason=modal_still_open
[2026-02-23T11:14:17.382Z] [INFO] GUARDAR_FALLO_CON_CLAVE "05012971-5", modal recuperado, intentando siguiente clave
[2026-02-23T11:14:17.505Z] [INFO] INTENTANDO_CLAVE_PACIENTE "01520608-5"
[2026-02-23T11:14:19.576Z] [INFO] CLAVE_SET_OK "01520608-5" inputId="ctl00_nc002_MP_HOS930_MP_HOS930_panelExpExistente_MP_HOS930_altaclavedoc" current="01520608-5" search=false
[2026-02-23T11:14:28.726Z] [INFO] GUARDAR_SINGLE_CLICK_NO_RESULT path=role-page reason=modal_still_open
[2026-02-23T11:14:36.186Z] [INFO] GUARDAR_FALLO_CON_CLAVE "01520608-5", modal recuperado, intentando siguiente clave
[2026-02-23T11:14:36.320Z] [INFO] CATALOG_AUTOCLOSE_GUARD=ON
[2026-02-23T11:14:36.332Z] [INFO] INTENTANDO_CLAVE_PACIENTE "04512593-4"
[2026-02-23T11:14:38.450Z] [INFO] CLAVE_SET_OK "04512593-4" inputId="ctl00_nc002_MP_HOS930_MP_HOS930_panelExpExistente_MP_HOS930_altaclavedoc" current="04512593-4" search=false
[2026-02-23T11:14:47.152Z] [INFO] GUARDAR_SINGLE_CLICK_NO_RESULT path=role-page reason=modal_still_open
[2026-02-23T11:14:54.449Z] [INFO] GUARDAR_FALLO_CON_CLAVE "04512593-4", modal recuperado, intentando siguiente clave
[2026-02-23T11:14:54.538Z] [INFO] INTENTANDO_CLAVE_PACIENTE "04988217-2"
[2026-02-23T11:14:56.743Z] [INFO] CLAVE_SET_OK "04988217-2" inputId="ctl00_nc002_MP_HOS930_MP_HOS930_panelExpExistente_MP_HOS930_altaclavedoc" current="04988217-2" search=false
[2026-02-23T11:15:05.372Z] [INFO] GUARDAR_SINGLE_CLICK_NO_RESULT path=role-page reason=modal_still_open
[2026-02-23T11:15:12.687Z] [INFO] GUARDAR_FALLO_CON_CLAVE "04988217-2", modal recuperado, intentando siguiente clave
[2026-02-23T11:15:12.745Z] [INFO] CATALOG_AUTOCLOSE_GUARD=ON
[2026-02-23T11:15:12.751Z] [INFO] INTENTANDO_CLAVE_PACIENTE "00736161-9"
[2026-02-23T11:15:14.889Z] [INFO] CLAVE_SET_OK "00736161-9" inputId="ctl00_nc002_MP_HOS930_MP_HOS930_panelExpExistente_MP_HOS930_altaclavedoc" current="00736161-9" search=false
[2026-02-23T11:15:23.315Z] [INFO] GUARDAR_SINGLE_CLICK_NO_RESULT path=role-page reason=modal_still_open
[2026-02-23T11:15:30.807Z] [INFO] GUARDAR_FALLO_CON_CLAVE "00736161-9", modal recuperado, intentando siguiente clave
[2026-02-23T11:15:30.862Z] [INFO] INTENTANDO_CLAVE_PACIENTE "29301"
[2026-02-23T11:15:32.813Z] [INFO] CLAVE_SET_OK "29301" inputId="ctl00_nc002_MP_HOS930_MP_HOS930_panelExpExistente_MP_HOS930_altaclavedoc" current="29301" search=false
[2026-02-23T11:15:41.386Z] [INFO] GUARDAR_SINGLE_CLICK_NO_RESULT path=role-page reason=modal_still_open
[2026-02-23T11:15:48.759Z] [INFO] GUARDAR_FALLO_CON_CLAVE "29301", modal recuperado, intentando siguiente clave
[2026-02-23T11:15:48.842Z] [INFO] CATALOG_AUTOCLOSE_GUARD=ON
[2026-02-23T11:15:48.848Z] [INFO] INTENTANDO_CLAVE_PACIENTE "02149255-5"
[2026-02-23T11:15:51.028Z] [INFO] CLAVE_SET_OK "02149255-5" inputId="ctl00_nc002_MP_HOS930_MP_HOS930_panelExpExistente_MP_HOS930_altaclavedoc" current="02149255-5" search=false
[2026-02-23T11:15:59.062Z] [INFO] GUARDAR_SINGLE_CLICK_NO_RESULT path=role-page reason=modal_still_open
[2026-02-23T11:16:06.372Z] [INFO] GUARDAR_FALLO_CON_CLAVE "02149255-5", modal recuperado, intentando siguiente clave
[2026-02-23T11:16:06.444Z] [INFO] INTENTANDO_CLAVE_PACIENTE "00080793-1"
[2026-02-23T11:16:07.905Z] [INFO] CATALOGO_PACIENTES_DETECTADO_LATE reason=after_key_set:00080793-1 -> cerrando
[2026-02-23T11:16:09.332Z] [INFO] INTENTANDO_CLAVE_PACIENTE "01539543-6"
[2026-02-23T11:16:11.478Z] [INFO] CLAVE_SET_OK "01539543-6" inputId="ctl00_nc002_MP_HOS930_MP_HOS930_panelExpExistente_MP_HOS930_altaclavedoc" current="01539543-6" search=false
[2026-02-23T11:16:19.806Z] [INFO] GUARDAR_SINGLE_CLICK_NO_RESULT path=role-page reason=modal_still_open
[2026-02-23T11:16:27.194Z] [INFO] GUARDAR_FALLO_CON_CLAVE "01539543-6", modal recuperado, intentando siguiente clave
[2026-02-23T11:16:27.256Z] [INFO] CATALOG_AUTOCLOSE_GUARD=ON
[2026-02-23T11:16:27.265Z] [INFO] INTENTANDO_CLAVE_PACIENTE "04904151-4"
[2026-02-23T11:16:29.430Z] [INFO] CLAVE_SET_OK "04904151-4" inputId="ctl00_nc002_MP_HOS930_MP_HOS930_panelExpExistente_MP_HOS930_altaclavedoc" current="04904151-4" search=false
[2026-02-23T11:16:38.123Z] [INFO] GUARDAR_SINGLE_CLICK_NO_RESULT path=role-page reason=modal_still_open
[2026-02-23T11:16:45.682Z] [INFO] GUARDAR_FALLO_CON_CLAVE "04904151-4", modal recuperado, intentando siguiente clave
[2026-02-23T11:16:45.857Z] [INFO] INTENTANDO_CLAVE_PACIENTE "04687633-4"
[2026-02-23T11:16:48.168Z] [INFO] CLAVE_SET_OK "04687633-4" inputId="ctl00_nc002_MP_HOS930_MP_HOS930_panelExpExistente_MP_HOS930_altaclavedoc" current="04687633-4" search=false
[2026-02-23T11:16:56.388Z] [INFO] GUARDAR_SINGLE_CLICK_NO_RESULT path=role-page reason=modal_still_open
[2026-02-23T11:17:03.696Z] [INFO] GUARDAR_FALLO_CON_CLAVE "04687633-4", modal recuperado, intentando siguiente clave
[2026-02-23T11:17:03.785Z] [INFO] CATALOG_AUTOCLOSE_GUARD=ON
[2026-02-23T11:17:03.792Z] [INFO] INTENTANDO_CLAVE_PACIENTE "04981640-6"
[2026-02-23T11:17:05.888Z] [INFO] CLAVE_SET_OK "04981640-6" inputId="ctl00_nc002_MP_HOS930_MP_HOS930_panelExpExistente_MP_HOS930_altaclavedoc" current="04981640-6" search=false
[2026-02-23T11:17:14.308Z] [INFO] GUARDAR_SINGLE_CLICK_NO_RESULT path=role-page reason=modal_still_open
[2026-02-23T11:17:21.617Z] [INFO] GUARDAR_FALLO_CON_CLAVE "04981640-6", modal recuperado, intentando siguiente clave
[2026-02-23T11:17:21.681Z] [INFO] INTENTANDO_CLAVE_PACIENTE "05242129-4"
[2026-02-23T11:17:23.828Z] [INFO] CLAVE_SET_OK "05242129-4" inputId="ctl00_nc002_MP_HOS930_MP_HOS930_panelExpExistente_MP_HOS930_altaclavedoc" current="05242129-4" search=false
[2026-02-23T11:17:32.373Z] [INFO] GUARDAR_SINGLE_CLICK_NO_RESULT path=role-page reason=modal_still_open
[2026-02-23T11:17:39.763Z] [INFO] GUARDAR_FALLO_CON_CLAVE "05242129-4", modal recuperado, intentando siguiente clave
[2026-02-23T11:17:39.816Z] [INFO] CATALOG_AUTOCLOSE_GUARD=ON
[2026-02-23T11:17:39.822Z] [INFO] INTENTANDO_CLAVE_PACIENTE "01168885-3"
[2026-02-23T11:17:41.897Z] [INFO] CLAVE_SET_OK "01168885-3" inputId="ctl00_nc002_MP_HOS930_MP_HOS930_panelExpExistente_MP_HOS930_altaclavedoc" current="01168885-3" search=false
[2026-02-23T11:17:50.601Z] [INFO] GUARDAR_SINGLE_CLICK_NO_RESULT path=role-page reason=modal_still_open
[2026-02-23T11:17:57.990Z] [INFO] GUARDAR_FALLO_CON_CLAVE "01168885-3", modal recuperado, intentando siguiente clave
[2026-02-23T11:17:58.068Z] [INFO] INTENTANDO_CLAVE_PACIENTE "01658759-9"
[2026-02-23T11:18:00.396Z] [INFO] CLAVE_SET_OK "01658759-9" inputId="ctl00_nc002_MP_HOS930_MP_HOS930_panelExpExistente_MP_HOS930_altaclavedoc" current="01658759-9" search=false
[2026-02-23T11:18:08.985Z] [INFO] GUARDAR_SINGLE_CLICK_NO_RESULT path=role-page reason=modal_still_open
[2026-02-23T11:18:16.490Z] [INFO] GUARDAR_FALLO_CON_CLAVE "01658759-9", modal recuperado, intentando siguiente clave
[2026-02-23T11:18:16.615Z] [INFO] CATALOG_AUTOCLOSE_GUARD=ON
[2026-02-23T11:18:16.625Z] [INFO] INTENTANDO_CLAVE_PACIENTE "03414425-0"
[2026-02-23T11:18:18.896Z] [INFO] CLAVE_SET_OK "03414425-0" inputId="ctl00_nc002_MP_HOS930_MP_HOS930_panelExpExistente_MP_HOS930_altaclavedoc" current="03414425-0" search=false
[2026-02-23T11:18:27.182Z] [INFO] GUARDAR_SINGLE_CLICK_NO_RESULT path=role-page reason=modal_still_open
[2026-02-23T11:18:34.509Z] [INFO] GUARDAR_FALLO_CON_CLAVE "03414425-0", modal recuperado, intentando siguiente clave
[2026-02-23T11:18:34.567Z] [INFO] INTENTANDO_CLAVE_PACIENTE "04190214-8"
[2026-02-23T11:18:36.749Z] [INFO] CLAVE_SET_OK "04190214-8" inputId="ctl00_nc002_MP_HOS930_MP_HOS930_panelExpExistente_MP_HOS930_altaclavedoc" current="04190214-8" search=false
[2026-02-23T11:18:45.248Z] [INFO] GUARDAR_SINGLE_CLICK_NO_RESULT path=role-page reason=modal_still_open
[2026-02-23T11:18:52.556Z] [INFO] GUARDAR_FALLO_CON_CLAVE "04190214-8", modal recuperado, intentando siguiente clave
[2026-02-23T11:18:52.613Z] [INFO] CATALOG_AUTOCLOSE_GUARD=ON
[2026-02-23T11:18:52.619Z] [INFO] INTENTANDO_CLAVE_PACIENTE "27107"
[2026-02-23T11:18:54.560Z] [INFO] CLAVE_SET_OK "27107" inputId="ctl00_nc002_MP_HOS930_MP_HOS930_panelExpExistente_MP_HOS930_altaclavedoc" current="27107" search=false
[2026-02-23T11:19:03.042Z] [INFO] GUARDAR_SINGLE_CLICK_NO_RESULT path=role-page reason=modal_still_open
[2026-02-23T11:19:10.320Z] [INFO] GUARDAR_FALLO_CON_CLAVE "27107", modal recuperado, intentando siguiente clave
[2026-02-23T11:19:10.381Z] [INFO] INTENTANDO_CLAVE_PACIENTE "04321186-0"
[2026-02-23T11:19:12.511Z] [INFO] CLAVE_SET_OK "04321186-0" inputId="ctl00_nc002_MP_HOS930_MP_HOS930_panelExpExistente_MP_HOS930_altaclavedoc" current="04321186-0" search=false
[2026-02-23T11:19:20.587Z] [INFO] GUARDAR_SINGLE_CLICK_NO_RESULT path=role-page reason=modal_still_open
[2026-02-23T11:19:28.146Z] [INFO] GUARDAR_FALLO_CON_CLAVE "04321186-0", modal recuperado, intentando siguiente clave
[2026-02-23T11:19:28.227Z] [INFO] CATALOG_AUTOCLOSE_GUARD=ON
[2026-02-23T11:19:28.237Z] [INFO] INTENTANDO_CLAVE_PACIENTE "02881397-2"
[2026-02-23T11:19:30.577Z] [INFO] CLAVE_SET_OK "02881397-2" inputId="ctl00_nc002_MP_HOS930_MP_HOS930_panelExpExistente_MP_HOS930_altaclavedoc" current="02881397-2" search=false
[2026-02-23T11:19:39.662Z] [INFO] GUARDAR_SINGLE_CLICK_NO_RESULT path=role-page reason=modal_still_open
[2026-02-23T11:19:47.022Z] [INFO] GUARDAR_FALLO_CON_CLAVE "02881397-2", modal recuperado, intentando siguiente clave
[2026-02-23T11:19:47.081Z] [INFO] INTENTANDO_CLAVE_PACIENTE "00955923-4"
[2026-02-23T11:19:49.293Z] [INFO] CLAVE_SET_OK "00955923-4" inputId="ctl00_nc002_MP_HOS930_MP_HOS930_panelExpExistente_MP_HOS930_altaclavedoc" current="00955923-4" search=false
[2026-02-23T11:19:57.823Z] [INFO] GUARDAR_SINGLE_CLICK_NO_RESULT path=role-page reason=modal_still_open
[2026-02-23T11:20:05.097Z] [INFO] GUARDAR_FALLO_CON_CLAVE "00955923-4", modal recuperado, intentando siguiente clave
[2026-02-23T11:20:05.147Z] [INFO] CATALOG_AUTOCLOSE_GUARD=ON
[2026-02-23T11:20:05.153Z] [INFO] INTENTANDO_CLAVE_PACIENTE "01427337-2"
[2026-02-23T11:20:07.277Z] [INFO] CLAVE_SET_OK "01427337-2" inputId="ctl00_nc002_MP_HOS930_MP_HOS930_panelExpExistente_MP_HOS930_altaclavedoc" current="01427337-2" search=false
[2026-02-23T11:20:15.571Z] [INFO] GUARDAR_SINGLE_CLICK_NO_RESULT path=role-page reason=modal_still_open
[2026-02-23T11:20:22.928Z] [INFO] GUARDAR_FALLO_CON_CLAVE "01427337-2", modal recuperado, intentando siguiente clave
[2026-02-23T11:20:23.003Z] [INFO] INTENTANDO_CLAVE_PACIENTE "A00545520"
[2026-02-23T11:20:25.137Z] [INFO] CLAVE_SET_OK "A00545520" inputId="ctl00_nc002_MP_HOS930_MP_HOS930_panelExpExistente_MP_HOS930_altaclavedoc" current="A00545520" search=false
[2026-02-23T11:20:33.836Z] [INFO] GUARDAR_SINGLE_CLICK_NO_RESULT path=role-page reason=modal_still_open
[2026-02-23T11:20:41.350Z] [INFO] GUARDAR_FALLO_CON_CLAVE "A00545520", modal recuperado, intentando siguiente clave
[2026-02-23T11:20:41.405Z] [INFO] CATALOG_AUTOCLOSE_GUARD=ON
[2026-02-23T11:20:41.411Z] [INFO] INTENTANDO_CLAVE_PACIENTE "05322744-9"
[2026-02-23T11:20:43.542Z] [INFO] CLAVE_SET_OK "05322744-9" inputId="ctl00_nc002_MP_HOS930_MP_HOS930_panelExpExistente_MP_HOS930_altaclavedoc" current="05322744-9" search=false
[2026-02-23T11:20:51.684Z] [INFO] GUARDAR_SINGLE_CLICK_NO_RESULT path=role-page reason=modal_still_open
[2026-02-23T11:20:59.024Z] [INFO] GUARDAR_FALLO_CON_CLAVE "05322744-9", modal recuperado, intentando siguiente clave
[2026-02-23T11:20:59.098Z] [INFO] INTENTANDO_CLAVE_PACIENTE "05824731-3"
[2026-02-23T11:21:01.335Z] [INFO] CLAVE_SET_OK "05824731-3" inputId="ctl00_nc002_MP_HOS930_MP_HOS930_panelExpExistente_MP_HOS930_altaclavedoc" current="05824731-3" search=false
[2026-02-23T11:21:16.051Z] [INFO] GUARDAR_SINGLE_CLICK_NO_RESULT path=role-page reason=modal_still_open
[2026-02-23T11:21:23.798Z] [INFO] GUARDAR_FALLO_CON_CLAVE "05824731-3", modal recuperado, intentando siguiente clave
[2026-02-23T11:21:23.907Z] [INFO] CATALOG_AUTOCLOSE_GUARD=ON
[2026-02-23T11:21:23.918Z] [INFO] INTENTANDO_CLAVE_PACIENTE "04772150-8"
[2026-02-23T11:21:26.232Z] [INFO] CLAVE_SET_OK "04772150-8" inputId="ctl00_nc002_MP_HOS930_MP_HOS930_panelExpExistente_MP_HOS930_altaclavedoc" current="04772150-8" search=false
[2026-02-23T11:21:34.489Z] [INFO] GUARDAR_SINGLE_CLICK_NO_RESULT path=role-page reason=modal_still_open
[2026-02-23T11:21:42.020Z] [INFO] GUARDAR_FALLO_CON_CLAVE "04772150-8", modal recuperado, intentando siguiente clave
[2026-02-23T11:21:42.087Z] [INFO] INTENTANDO_CLAVE_PACIENTE "05433651-8"
[2026-02-23T11:21:44.316Z] [INFO] CLAVE_SET_OK "05433651-8" inputId="ctl00_nc002_MP_HOS930_MP_HOS930_panelExpExistente_MP_HOS930_altaclavedoc" current="05433651-8" search=false
[2026-02-23T11:21:52.894Z] [INFO] GUARDAR_SINGLE_CLICK_NO_RESULT path=role-page reason=modal_still_open
[2026-02-23T11:22:00.254Z] [INFO] GUARDAR_FALLO_CON_CLAVE "05433651-8", modal recuperado, intentando siguiente clave
[2026-02-23T11:22:00.393Z] [INFO] CATALOG_AUTOCLOSE_GUARD=ON
[2026-02-23T11:22:00.402Z] [INFO] INTENTANDO_CLAVE_PACIENTE "00203082-3"
[2026-02-23T11:22:02.649Z] [INFO] CLAVE_SET_OK "00203082-3" inputId="ctl00_nc002_MP_HOS930_MP_HOS930_panelExpExistente_MP_HOS930_altaclavedoc" current="00203082-3" search=false
[2026-02-23T11:22:10.759Z] [INFO] GUARDAR_SINGLE_CLICK_NO_RESULT path=role-page reason=modal_still_open
[2026-02-23T11:22:18.116Z] [INFO] GUARDAR_FALLO_CON_CLAVE "00203082-3", modal recuperado, intentando siguiente clave
[2026-02-23T11:22:18.176Z] [INFO] INTENTANDO_CLAVE_PACIENTE "01049962-5"
[2026-02-23T11:22:20.356Z] [INFO] CLAVE_SET_OK "01049962-5" inputId="ctl00_nc002_MP_HOS930_MP_HOS930_panelExpExistente_MP_HOS930_altaclavedoc" current="01049962-5" search=false
[2026-02-23T11:22:28.758Z] [INFO] GUARDAR_SINGLE_CLICK_NO_RESULT path=role-page reason=modal_still_open
[2026-02-23T11:22:36.166Z] [INFO] GUARDAR_FALLO_CON_CLAVE "01049962-5", modal recuperado, intentando siguiente clave
[2026-02-23T11:22:36.241Z] [INFO] CATALOG_AUTOCLOSE_GUARD=ON
[2026-02-23T11:22:36.249Z] [INFO] INTENTANDO_CLAVE_PACIENTE "04604327-4"
[2026-02-23T11:22:38.432Z] [INFO] CLAVE_SET_OK "04604327-4" inputId="ctl00_nc002_MP_HOS930_MP_HOS930_panelExpExistente_MP_HOS930_altaclavedoc" current="04604327-4" search=false
[2026-02-23T11:22:46.963Z] [INFO] GUARDAR_SINGLE_CLICK_NO_RESULT path=role-page reason=modal_still_open
[2026-02-23T11:22:54.303Z] [INFO] GUARDAR_FALLO_CON_CLAVE "04604327-4", modal recuperado, intentando siguiente clave
[2026-02-23T11:22:54.360Z] [INFO] INTENTANDO_CLAVE_PACIENTE "07470949-8"
[2026-02-23T11:22:56.466Z] [INFO] CLAVE_SET_OK "07470949-8" inputId="ctl00_nc002_MP_HOS930_MP_HOS930_panelExpExistente_MP_HOS930_altaclavedoc" current="07470949-8" search=false
[2026-02-23T11:23:04.729Z] [INFO] GUARDAR_SINGLE_CLICK_NO_RESULT path=role-page reason=modal_still_open
[2026-02-23T11:23:12.038Z] [INFO] GUARDAR_FALLO_CON_CLAVE "07470949-8", modal recuperado, intentando siguiente clave
[2026-02-23T11:23:12.092Z] [INFO] CATALOG_AUTOCLOSE_GUARD=ON
[2026-02-23T11:23:12.098Z] [INFO] INTENTANDO_CLAVE_PACIENTE "05018422-8"
[2026-02-23T11:23:14.310Z] [INFO] CLAVE_SET_OK "05018422-8" inputId="ctl00_nc002_MP_HOS930_MP_HOS930_panelExpExistente_MP_HOS930_altaclavedoc" current="05018422-8" search=false
[2026-02-23T11:23:22.714Z] [INFO] GUARDAR_SINGLE_CLICK_NO_RESULT path=role-page reason=modal_still_open
[2026-02-23T11:23:30.007Z] [INFO] GUARDAR_FALLO_CON_CLAVE "05018422-8", modal recuperado, intentando siguiente clave
[2026-02-23T11:23:30.071Z] [INFO] INTENTANDO_CLAVE_PACIENTE "02001375-6"
[2026-02-23T11:23:32.553Z] [INFO] CLAVE_SET_OK "02001375-6" inputId="ctl00_nc002_MP_HOS930_MP_HOS930_panelExpExistente_MP_HOS930_altaclavedoc" current="02001375-6" search=false
[2026-02-23T11:23:42.604Z] [INFO] GUARDAR_SINGLE_CLICK_NO_RESULT path=role-page reason=modal_still_open
[2026-02-23T11:23:50.030Z] [INFO] GUARDAR_FALLO_CON_CLAVE "02001375-6", modal recuperado, intentando siguiente clave
[2026-02-23T11:23:50.125Z] [INFO] CATALOG_AUTOCLOSE_GUARD=ON
[2026-02-23T11:23:50.136Z] [INFO] INTENTANDO_CLAVE_PACIENTE "06028961-4"
[2026-02-23T11:23:52.526Z] [INFO] CLAVE_SET_OK "06028961-4" inputId="ctl00_nc002_MP_HOS930_MP_HOS930_panelExpExistente_MP_HOS930_altaclavedoc" current="06028961-4" search=false
[2026-02-23T11:24:01.430Z] [INFO] GUARDAR_SINGLE_CLICK_NO_RESULT path=role-page reason=modal_still_open
[2026-02-23T11:24:08.813Z] [INFO] GUARDAR_FALLO_CON_CLAVE "06028961-4", modal recuperado, intentando siguiente clave
[2026-02-23T11:24:08.878Z] [INFO] INTENTANDO_CLAVE_PACIENTE "B00027922"
[2026-02-23T11:24:10.983Z] [INFO] CLAVE_SET_OK "B00027922" inputId="ctl00_nc002_MP_HOS930_MP_HOS930_panelExpExistente_MP_HOS930_altaclavedoc" current="B00027922" search=false
[2026-02-23T11:24:19.660Z] [INFO] GUARDAR_SINGLE_CLICK_NO_RESULT path=role-page reason=modal_still_open
[2026-02-23T11:24:27.008Z] [INFO] GUARDAR_FALLO_CON_CLAVE "B00027922", modal recuperado, intentando siguiente clave
[2026-02-23T11:24:27.097Z] [INFO] CATALOG_AUTOCLOSE_GUARD=ON
[2026-02-23T11:24:27.106Z] [INFO] INTENTANDO_CLAVE_PACIENTE "05400186-2"
[2026-02-23T11:24:29.334Z] [INFO] CLAVE_SET_OK "05400186-2" inputId="ctl00_nc002_MP_HOS930_MP_HOS930_panelExpExistente_MP_HOS930_altaclavedoc" current="05400186-2" search=false
[2026-02-23T11:24:38.265Z] [INFO] GUARDAR_SINGLE_CLICK_NO_RESULT path=role-page reason=modal_still_open
[2026-02-23T11:24:45.788Z] [INFO] GUARDAR_FALLO_CON_CLAVE "05400186-2", modal recuperado, intentando siguiente clave
[2026-02-23T11:24:45.850Z] [INFO] INTENTANDO_CLAVE_PACIENTE "00042032-3"
[2026-02-23T11:24:47.954Z] [INFO] CLAVE_SET_OK "00042032-3" inputId="ctl00_nc002_MP_HOS930_MP_HOS930_panelExpExistente_MP_HOS930_altaclavedoc" current="00042032-3" search=false
[2026-02-23T11:24:56.581Z] [INFO] GUARDAR_SINGLE_CLICK_NO_RESULT path=role-page reason=modal_still_open
[2026-02-23T11:25:03.790Z] [INFO] GUARDAR_FALLO_CON_CLAVE "00042032-3", modal recuperado, intentando siguiente clave
[2026-02-23T11:25:03.848Z] [INFO] CATALOG_AUTOCLOSE_GUARD=ON
[2026-02-23T11:25:03.856Z] [INFO] INTENTANDO_CLAVE_PACIENTE "01061276-0"
[2026-02-23T11:25:06.064Z] [INFO] CLAVE_SET_OK "01061276-0" inputId="ctl00_nc002_MP_HOS930_MP_HOS930_panelExpExistente_MP_HOS930_altaclavedoc" current="01061276-0" search=false
[2026-02-23T11:25:14.419Z] [INFO] GUARDAR_SINGLE_CLICK_NO_RESULT path=role-page reason=modal_still_open
[2026-02-23T11:25:21.712Z] [INFO] GUARDAR_FALLO_CON_CLAVE "01061276-0", modal recuperado, intentando siguiente clave
[2026-02-23T11:25:21.775Z] [INFO] INTENTANDO_CLAVE_PACIENTE "1004148"
[2026-02-23T11:25:23.763Z] [INFO] CLAVE_SET_OK "1004148" inputId="ctl00_nc002_MP_HOS930_MP_HOS930_panelExpExistente_MP_HOS930_altaclavedoc" current="1004148" search=false
[2026-02-23T11:25:32.035Z] [INFO] GUARDAR_SINGLE_CLICK_NO_RESULT path=role-page reason=modal_still_open
[2026-02-23T11:25:39.384Z] [INFO] GUARDAR_FALLO_CON_CLAVE "1004148", modal recuperado, intentando siguiente clave
[2026-02-23T11:25:39.444Z] [INFO] CATALOG_AUTOCLOSE_GUARD=ON
[2026-02-23T11:25:39.451Z] [INFO] INTENTANDO_CLAVE_PACIENTE "00064200-6"
[2026-02-23T11:25:41.679Z] [INFO] CLAVE_SET_OK "00064200-6" inputId="ctl00_nc002_MP_HOS930_MP_HOS930_panelExpExistente_MP_HOS930_altaclavedoc" current="00064200-6" search=false
[2026-02-23T11:25:50.139Z] [INFO] GUARDAR_SINGLE_CLICK_NO_RESULT path=role-page reason=modal_still_open
[2026-02-23T11:25:57.629Z] [INFO] GUARDAR_FALLO_CON_CLAVE "00064200-6", modal recuperado, intentando siguiente clave
[2026-02-23T11:25:57.693Z] [INFO] INTENTANDO_CLAVE_PACIENTE "00445572-8"
[2026-02-23T11:25:59.858Z] [INFO] CLAVE_SET_OK "00445572-8" inputId="ctl00_nc002_MP_HOS930_MP_HOS930_panelExpExistente_MP_HOS930_altaclavedoc" current="00445572-8" search=false
[2026-02-23T11:26:08.521Z] [INFO] GUARDAR_SINGLE_CLICK_NO_RESULT path=role-page reason=modal_still_open
[2026-02-23T11:26:15.923Z] [INFO] GUARDAR_FALLO_CON_CLAVE "00445572-8", modal recuperado, intentando siguiente clave
[2026-02-23T11:26:15.986Z] [INFO] CATALOG_AUTOCLOSE_GUARD=ON
[2026-02-23T11:26:15.995Z] [INFO] INTENTANDO_CLAVE_PACIENTE "B04676303"
[2026-02-23T11:26:18.264Z] [INFO] CLAVE_SET_OK "B04676303" inputId="ctl00_nc002_MP_HOS930_MP_HOS930_panelExpExistente_MP_HOS930_altaclavedoc" current="B04676303" search=false
[2026-02-23T11:26:26.559Z] [INFO] GUARDAR_SINGLE_CLICK_NO_RESULT path=role-page reason=modal_still_open
[2026-02-23T11:26:33.914Z] [INFO] GUARDAR_FALLO_CON_CLAVE "B04676303", modal recuperado, intentando siguiente clave
[2026-02-23T11:26:33.973Z] [INFO] INTENTANDO_CLAVE_PACIENTE "00652290-3"
[2026-02-23T11:26:36.123Z] [INFO] CLAVE_SET_OK "00652290-3" inputId="ctl00_nc002_MP_HOS930_MP_HOS930_panelExpExistente_MP_HOS930_altaclavedoc" current="00652290-3" search=false
[2026-02-23T11:26:44.678Z] [INFO] GUARDAR_SINGLE_CLICK_NO_RESULT path=role-page reason=modal_still_open
[2026-02-23T11:26:51.994Z] [INFO] GUARDAR_FALLO_CON_CLAVE "00652290-3", modal recuperado, intentando siguiente clave
[2026-02-23T11:26:52.051Z] [INFO] CATALOG_AUTOCLOSE_GUARD=ON
[2026-02-23T11:26:52.058Z] [INFO] INTENTANDO_CLAVE_PACIENTE "03911359-7"
[2026-02-23T11:26:54.253Z] [INFO] CLAVE_SET_OK "03911359-7" inputId="ctl00_nc002_MP_HOS930_MP_HOS930_panelExpExistente_MP_HOS930_altaclavedoc" current="03911359-7" search=false
[2026-02-23T11:27:02.667Z] [INFO] GUARDAR_SINGLE_CLICK_NO_RESULT path=role-page reason=modal_still_open
[2026-02-23T11:27:09.820Z] [INFO] GUARDAR_FALLO_CON_CLAVE "03911359-7", modal recuperado, intentando siguiente clave
[2026-02-23T11:27:09.880Z] [INFO] INTENTANDO_CLAVE_PACIENTE "05192235-2"
[2026-02-23T11:27:12.106Z] [INFO] CLAVE_SET_OK "05192235-2" inputId="ctl00_nc002_MP_HOS930_MP_HOS930_panelExpExistente_MP_HOS930_altaclavedoc" current="05192235-2" search=false
[2026-02-23T11:27:20.752Z] [INFO] GUARDAR_SINGLE_CLICK_NO_RESULT path=role-page reason=modal_still_open
[2026-02-23T11:27:28.951Z] [INFO] GUARDAR_FALLO_CON_CLAVE "05192235-2", modal recuperado, intentando siguiente clave
[2026-02-23T11:27:29.024Z] [INFO] CATALOG_AUTOCLOSE_GUARD=ON
[2026-02-23T11:27:29.031Z] [INFO] INTENTANDO_CLAVE_PACIENTE "00956084-5"
[2026-02-23T11:27:31.193Z] [INFO] CLAVE_SET_OK "00956084-5" inputId="ctl00_nc002_MP_HOS930_MP_HOS930_panelExpExistente_MP_HOS930_altaclavedoc" current="00956084-5" search=false
[2026-02-23T11:27:39.707Z] [INFO] GUARDAR_SINGLE_CLICK_NO_RESULT path=role-page reason=modal_still_open
[2026-02-23T11:27:47.131Z] [INFO] GUARDAR_FALLO_CON_CLAVE "00956084-5", modal recuperado, intentando siguiente clave
[2026-02-23T11:27:47.210Z] [INFO] INTENTANDO_CLAVE_PACIENTE "06135331-9"
[2026-02-23T11:27:49.283Z] [INFO] CLAVE_SET_OK "06135331-9" inputId="ctl00_nc002_MP_HOS930_MP_HOS930_panelExpExistente_MP_HOS930_altaclavedoc" current="06135331-9" search=false
[2026-02-23T11:27:57.515Z] [INFO] GUARDAR_SINGLE_CLICK_NO_RESULT path=role-page reason=modal_still_open
[2026-02-23T11:28:05.102Z] [INFO] GUARDAR_FALLO_CON_CLAVE "06135331-9", modal recuperado, intentando siguiente clave
[2026-02-23T11:28:05.290Z] [INFO] CATALOG_AUTOCLOSE_GUARD=ON
[2026-02-23T11:28:05.299Z] [INFO] INTENTANDO_CLAVE_PACIENTE "01900986-7"
[2026-02-23T11:28:07.407Z] [INFO] CLAVE_SET_OK "01900986-7" inputId="ctl00_nc002_MP_HOS930_MP_HOS930_panelExpExistente_MP_HOS930_altaclavedoc" current="01900986-7" search=false
[2026-02-23T11:28:16.278Z] [INFO] GUARDAR_SINGLE_CLICK_NO_RESULT path=role-page reason=modal_still_open
[2026-02-23T11:28:23.782Z] [INFO] GUARDAR_FALLO_CON_CLAVE "01900986-7", modal recuperado, intentando siguiente clave
[2026-02-23T11:28:23.876Z] [INFO] INTENTANDO_CLAVE_PACIENTE "05905699-3"
[2026-02-23T11:28:26.092Z] [INFO] CLAVE_SET_OK "05905699-3" inputId="ctl00_nc002_MP_HOS930_MP_HOS930_panelExpExistente_MP_HOS930_altaclavedoc" current="05905699-3" search=false
